Release 14.1 - xst P.15xf (nt64)
Copyright (c) 1995-2012 Xilinx, Inc.  All rights reserved.
--> Parameter TMPDIR set to xst/projnav.tmp


Total REAL time to Xst completion: 0.00 secs
Total CPU time to Xst completion: 0.16 secs
 
--> Parameter xsthdpdir set to xst


Total REAL time to Xst completion: 0.00 secs
Total CPU time to Xst completion: 0.17 secs
 
--> Reading design: counter.prj

TABLE OF CONTENTS
  1) Synthesis Options Summary
  2) HDL Compilation
  3) Design Hierarchy Analysis
  4) HDL Analysis
  5) HDL Synthesis
     5.1) HDL Synthesis Report
  6) Advanced HDL Synthesis
     6.1) Advanced HDL Synthesis Report
  7) Low Level Synthesis
  8) Partition Report
  9) Final Report
	9.1) Device utilization summary
	9.2) Partition Resource Summary
	9.3) TIMING REPORT


=========================================================================
*                      Synthesis Options Summary                        *
=========================================================================
---- Source Parameters
Input File Name                    : "counter.prj"
Input Format                       : mixed
Ignore Synthesis Constraint File   : NO

---- Target Parameters
Output File Name                   : "counter"
Output Format                      : NGC
Target Device                      : xc3s250e-4-tq144

---- Source Options
Top Module Name                    : counter
Automatic FSM Extraction           : YES
FSM Encoding Algorithm             : Auto
Safe Implementation                : No
FSM Style                          : LUT
RAM Extraction                     : Yes
RAM Style                          : Auto
ROM Extraction                     : Yes
Mux Style                          : Auto
Decoder Extraction                 : YES
Priority Encoder Extraction        : Yes
Shift Register Extraction          : YES
Logical Shifter Extraction         : YES
XOR Collapsing                     : YES
ROM Style                          : Auto
Mux Extraction                     : Yes
Resource Sharing                   : YES
Asynchronous To Synchronous        : NO
Multiplier Style                   : Auto
Automatic Register Balancing       : No

---- Target Options
Add IO Buffers                     : YES
Global Maximum Fanout              : 500
Add Generic Clock Buffer(BUFG)     : 24
Register Duplication               : YES
Slice Packing                      : YES
Optimize Instantiated Primitives   : NO
Use Clock Enable                   : Yes
Use Synchronous Set                : Yes
Use Synchronous Reset              : Yes
Pack IO Registers into IOBs        : Auto
Equivalent register Removal        : YES

---- General Options
Optimization Goal                  : Speed
Optimization Effort                : 1
Keep Hierarchy                     : No
Netlist Hierarchy                  : As_Optimized
RTL Output                         : Yes
Global Optimization                : AllClockNets
Read Cores                         : YES
Write Timing Constraints           : NO
Cross Clock Analysis               : NO
Hierarchy Separator                : /
Bus Delimiter                      : <>
Case Specifier                     : Maintain
Slice Utilization Ratio            : 100
BRAM Utilization Ratio             : 100
Verilog 2001                       : YES
Auto BRAM Packing                  : NO
Slice Utilization Ratio Delta      : 5

=========================================================================


=========================================================================
*                          HDL Compilation                              *
=========================================================================
Compiling verilog file "../Basic_learning/counter.v" in library work
Module <counter> compiled
No errors in compilation
Analysis of file <"counter.prj"> succeeded.
 

=========================================================================
*                     Design Hierarchy Analysis                         *
=========================================================================
Analyzing hierarchy for module <counter> in library <work>.


=========================================================================
*                            HDL Analysis                               *
=========================================================================
Analyzing top module <counter>.
Module <counter> is correct for synthesis.
 

=========================================================================
*                           HDL Synthesis                               *
=========================================================================

Performing bidirectional port resolution...

Synthesizing Unit <counter>.
    Related source file is "../Basic_learning/counter.v".
    Found 16-bit updown counter for signal <out>.
    Summary:
	inferred   1 Counter(s).
Unit <counter> synthesized.


=========================================================================
HDL Synthesis Report

Macro Statistics
# Counters                                             : 1
 16-bit updown counter                                 : 1

=========================================================================

=========================================================================
*                       Advanced HDL Synthesis                          *
=========================================================================


=========================================================================
Advanced HDL Synthesis Report

Macro Statistics
# Counters                                             : 1
 16-bit updown counter                                 : 1

=========================================================================

=========================================================================
*                         Low Level Synthesis                           *
=========================================================================

Optimizing unit <counter> ...

Mapping all equations...
Building and optimizing final netlist ...
Found area constraint ratio of 100 (+ 5) on block counter, actual ratio is 0.

Final Macro Processing ...

=========================================================================
Final Register Report

Macro Statistics
# Registers                                            : 16
 Flip-Flops                                            : 16

=========================================================================

=========================================================================
*                           Partition Report                            *
=========================================================================

Partition Implementation Status
-------------------------------

  No Partitions were found in this design.

-------------------------------

=========================================================================
*                            Final Report                               *
=========================================================================
Final Results
RTL Top Level Output File Name     : counter.ngr
Top Level Output File Name         : counter
Output Format                      : NGC
Optimization Goal                  : Speed
Keep Hierarchy                     : No

Design Statistics
# IOs                              : 19

Cell Usage :
# BELS                             : 49
#      LUT2                        : 16
#      LUT3                        : 2
#      MUXCY                       : 15
#      XORCY                       : 16
# FlipFlops/Latches                : 16
#      FDRE                        : 16
# Clock Buffers                    : 1
#      BUFGP                       : 1
# IO Buffers                       : 18
#      IBUF                        : 2
#      OBUF                        : 16
=========================================================================

Device utilization summary:
---------------------------

Selected Device : 3s250etq144-4 

 Number of Slices:                        9  out of   2448     0%  
 Number of Slice Flip Flops:             16  out of   4896     0%  
 Number of 4 input LUTs:                 18  out of   4896     0%  
 Number of IOs:                          19
 Number of bonded IOBs:                  19  out of    108    17%  
 Number of GCLKs:                         1  out of     24     4%  

---------------------------
Partition Resource Summary:
---------------------------

  No Partitions were found in this design.

---------------------------


=========================================================================
TIMING REPORT

NOTE: THESE TIMING NUMBERS ARE ONLY A SYNTHESIS ESTIMATE.
      FOR ACCURATE TIMING INFORMATION PLEASE REFER TO THE TRACE REPORT
      GENERATED AFTER PLACE-and-ROUTE.

Clock Information:
------------------
-----------------------------------+------------------------+-------+
Clock Signal                       | Clock buffer(FF name)  | Load  |
-----------------------------------+------------------------+-------+
clock                              | BUFGP                  | 16    |
-----------------------------------+------------------------+-------+

Asynchronous Control Signals Information:
----------------------------------------
No asynchronous control signals found in this design

Timing Summary:
---------------
Speed Grade: -4

   Minimum period: 4.223ns (Maximum Frequency: 236.798MHz)
   Minimum input arrival time before clock: 7.401ns
   Maximum output required time after clock: 4.310ns
   Maximum combinational path delay: No path found

Timing Detail:
--------------
All values displayed in nanoseconds (ns)

=========================================================================
Timing constraint: Default period analysis for Clock 'clock'
  Clock period: 4.223ns (frequency: 236.798MHz)
  Total number of paths / destination ports: 256 / 16
-------------------------------------------------------------------------
Delay:               4.223ns (Levels of Logic = 17)
  Source:            out_0 (FF)
  Destination:       out_15 (FF)
  Source Clock:      clock rising
  Destination Clock: clock rising

  Data Path: out_0 to out_15
                                Gate     Net
    Cell:in->out      fanout   Delay   Delay  Logical Name (Net Name)
    ----------------------------------------  ------------
     FDRE:C->Q             2   0.591   0.526  out_0 (out_0)
     LUT2:I1->O            1   0.704   0.000  Mcount_out_lut<0> (Mcount_out_lut<0>)
     MUXCY:S->O            1   0.464   0.000  Mcount_out_cy<0> (Mcount_out_cy<0>)
     MUXCY:CI->O           1   0.059   0.000  Mcount_out_cy<1> (Mcount_out_cy<1>)
     MUXCY:CI->O           1   0.059   0.000  Mcount_out_cy<2> (Mcount_out_cy<2>)
     MUXCY:CI->O           1   0.059   0.000  Mcount_out_cy<3> (Mcount_out_cy<3>)
     MUXCY:CI->O           1   0.059   0.000  Mcount_out_cy<4> (Mcount_out_cy<4>)
     MUXCY:CI->O           1   0.059   0.000  Mcount_out_cy<5> (Mcount_out_cy<5>)
     MUXCY:CI->O           1   0.059   0.000  Mcount_out_cy<6> (Mcount_out_cy<6>)
     MUXCY:CI->O           1   0.059   0.000  Mcount_out_cy<7> (Mcount_out_cy<7>)
     MUXCY:CI->O           1   0.059   0.000  Mcount_out_cy<8> (Mcount_out_cy<8>)
     MUXCY:CI->O           1   0.059   0.000  Mcount_out_cy<9> (Mcount_out_cy<9>)
     MUXCY:CI->O           1   0.059   0.000  Mcount_out_cy<10> (Mcount_out_cy<10>)
     MUXCY:CI->O           1   0.059   0.000  Mcount_out_cy<11> (Mcount_out_cy<11>)
     MUXCY:CI->O           1   0.059   0.000  Mcount_out_cy<12> (Mcount_out_cy<12>)
     MUXCY:CI->O           1   0.059   0.000  Mcount_out_cy<13> (Mcount_out_cy<13>)
     MUXCY:CI->O           0   0.059   0.000  Mcount_out_cy<14> (Mcount_out_cy<14>)
     XORCY:CI->O           1   0.804   0.000  Mcount_out_xor<15> (Result<15>)
     FDRE:D                    0.308          out_15
    ----------------------------------------
    Total                      4.223ns (3.697ns logic, 0.526ns route)
                                       (87.5% logic, 12.5% route)

=========================================================================
Timing constraint: Default OFFSET IN BEFORE for Clock 'clock'
  Total number of paths / destination ports: 352 / 48
-------------------------------------------------------------------------
Offset:              7.401ns (Levels of Logic = 19)
  Source:            control<0> (PAD)
  Destination:       out_15 (FF)
  Destination Clock: clock rising

  Data Path: control<0> to out_15
                                Gate     Net
    Cell:in->out      fanout   Delay   Delay  Logical Name (Net Name)
    ----------------------------------------  ------------
     IBUF:I->O            20   1.218   1.181  control_0_IBUF (control_0_IBUF)
     LUT2:I1->O           15   0.704   1.192  out_cmp_eq0000_inv2 (out_cmp_eq0000_inv)
     LUT2:I0->O            1   0.704   0.000  Mcount_out_lut<0> (Mcount_out_lut<0>)
     MUXCY:S->O            1   0.464   0.000  Mcount_out_cy<0> (Mcount_out_cy<0>)
     MUXCY:CI->O           1   0.059   0.000  Mcount_out_cy<1> (Mcount_out_cy<1>)
     MUXCY:CI->O           1   0.059   0.000  Mcount_out_cy<2> (Mcount_out_cy<2>)
     MUXCY:CI->O           1   0.059   0.000  Mcount_out_cy<3> (Mcount_out_cy<3>)
     MUXCY:CI->O           1   0.059   0.000  Mcount_out_cy<4> (Mcount_out_cy<4>)
     MUXCY:CI->O           1   0.059   0.000  Mcount_out_cy<5> (Mcount_out_cy<5>)
     MUXCY:CI->O           1   0.059   0.000  Mcount_out_cy<6> (Mcount_out_cy<6>)
     MUXCY:CI->O           1   0.059   0.000  Mcount_out_cy<7> (Mcount_out_cy<7>)
     MUXCY:CI->O           1   0.059   0.000  Mcount_out_cy<8> (Mcount_out_cy<8>)
     MUXCY:CI->O           1   0.059   0.000  Mcount_out_cy<9> (Mcount_out_cy<9>)
     MUXCY:CI->O           1   0.059   0.000  Mcount_out_cy<10> (Mcount_out_cy<10>)
     MUXCY:CI->O           1   0.059   0.000  Mcount_out_cy<11> (Mcount_out_cy<11>)
     MUXCY:CI->O           1   0.059   0.000  Mcount_out_cy<12> (Mcount_out_cy<12>)
     MUXCY:CI->O           1   0.059   0.000  Mcount_out_cy<13> (Mcount_out_cy<13>)
     MUXCY:CI->O           0   0.059   0.000  Mcount_out_cy<14> (Mcount_out_cy<14>)
     XORCY:CI->O           1   0.804   0.000  Mcount_out_xor<15> (Result<15>)
     FDRE:D                    0.308          out_15
    ----------------------------------------
    Total                      7.401ns (5.028ns logic, 2.373ns route)
                                       (67.9% logic, 32.1% route)

=========================================================================
Timing constraint: Default OFFSET OUT AFTER for Clock 'clock'
  Total number of paths / destination ports: 16 / 16
-------------------------------------------------------------------------
Offset:              4.310ns (Levels of Logic = 1)
  Source:            out_15 (FF)
  Destination:       out<15> (PAD)
  Source Clock:      clock rising

  Data Path: out_15 to out<15>
                                Gate     Net
    Cell:in->out      fanout   Delay   Delay  Logical Name (Net Name)
    ----------------------------------------  ------------
     FDRE:C->Q             2   0.591   0.447  out_15 (out_15)
     OBUF:I->O                 3.272          out_15_OBUF (out<15>)
    ----------------------------------------
    Total                      4.310ns (3.863ns logic, 0.447ns route)
                                       (89.6% logic, 10.4% route)

=========================================================================


Total REAL time to Xst completion: 17.00 secs
Total CPU time to Xst completion: 16.37 secs
 
--> 

Total memory usage is 254028 kilobytes

Number of errors   :    0 (   0 filtered)
Number of warnings :    0 (   0 filtered)
Number of infos    :    0 (   0 filtered)

