Release 14.1 Map P.15xf (nt64)
Xilinx Mapping Report File for Design 'DC7_PCI'

Design Information
------------------
Command Line   : map -intstyle ise -p xc3s250e-tq144-4 -cm area -ir off -pr off
-c 100 -o DC7_PCI_map.ncd DC7_PCI.ngd DC7_PCI.pcf 
Target Device  : xc3s250e
Target Package : tq144
Target Speed   : -4
Mapper Version : spartan3e -- $Revision: 1.55 $
Mapped Date    : Thu Dec 20 17:01:00 2012

Design Summary
--------------
Number of errors:      0
Number of warnings:    0
Logic Utilization:
  Number of Slice Flip Flops:           294 out of   4,896    6%
  Number of 4 input LUTs:               637 out of   4,896   13%
Logic Distribution:
  Number of occupied Slices:            388 out of   2,448   15%
    Number of Slices containing only related logic:     388 out of     388 100%
    Number of Slices containing unrelated logic:          0 out of     388   0%
      *See NOTES below for an explanation of the effects of unrelated logic.
  Total Number of 4 input LUTs:         669 out of   4,896   13%
    Number used as logic:               637
    Number used as a route-thru:         32

  The Slice Logic Distribution report is not meaningful if the design is
  over-mapped for a non-slice resource or if Placement fails.

  Number of bonded IOBs:                 53 out of     108   49%
  Number of BUFGMUXs:                     1 out of      24    4%

Average Fanout of Non-Clock Nets:                3.70

Peak Memory Usage:  247 MB
Total REAL time to MAP completion:  3 secs 
Total CPU time to MAP completion:   3 secs 

NOTES:

   Related logic is defined as being logic that shares connectivity - e.g. two
   LUTs are "related" if they share common inputs.  When assembling slices,
   Map gives priority to combine logic that is related.  Doing so results in
   the best timing performance.

   Unrelated logic shares no connectivity.  Map will only begin packing
   unrelated logic into a slice once 99% of the slices are occupied through
   related logic packing.

   Note that once logic distribution reaches the 99% level through related
   logic packing, this does not mean the device is completely utilized.
   Unrelated logic packing will then begin, continuing until all usable LUTs
   and FFs are occupied.  Depending on your timing budget, increased levels of
   unrelated logic packing may adversely affect the overall timing performance
   of your design.

Table of Contents
-----------------
Section 1 - Errors
Section 2 - Warnings
Section 3 - Informational
Section 4 - Removed Logic Summary
Section 5 - Removed Logic
Section 6 - IOB Properties
Section 7 - RPMs
Section 8 - Guide Report
Section 9 - Area Group and Partition Summary
Section 10 - Timing Report
Section 11 - Configuration String Information
Section 12 - Control Set Information
Section 13 - Utilization by Hierarchy

Section 1 - Errors
------------------

Section 2 - Warnings
--------------------

Section 3 - Informational
-------------------------
INFO:MapLib:562 - No environment variables are currently set.

Section 4 - Removed Logic Summary
---------------------------------
   2 block(s) optimized away

Section 5 - Removed Logic
-------------------------

Optimized Block(s):
TYPE 		BLOCK
GND 		XST_GND
VCC 		XST_VCC

To enable printing of redundant blocks removed and signals merged, set the
detailed map report option and rerun map.

Section 6 - IOB Properties
--------------------------

+---------------------------------------------------------------------------------------------------------------------------------------------------------+
| IOB Name                           | Type             | Direction | IO Standard          | Diff  | Drive    | Slew | Reg (s)      | Resistor | IOB      |
|                                    |                  |           |                      | Term  | Strength | Rate |              |          | Delay    |
+---------------------------------------------------------------------------------------------------------------------------------------------------------+
| AD<0>                              | IOB              | BIDIR     | LVCMOS33             |       | 8        | SLOW |              |          | 0 / 0    |
| AD<1>                              | IOB              | BIDIR     | LVCMOS33             |       | 8        | SLOW |              |          | 0 / 0    |
| AD<2>                              | IOB              | BIDIR     | LVCMOS33             |       | 8        | SLOW |              |          | 0 / 0    |
| AD<3>                              | IOB              | BIDIR     | LVCMOS33             |       | 8        | SLOW |              |          | 0 / 0    |
| AD<4>                              | IOB              | BIDIR     | LVCMOS33             |       | 8        | SLOW |              |          | 0 / 0    |
| AD<5>                              | IOB              | BIDIR     | LVCMOS33             |       | 8        | SLOW |              |          | 0 / 0    |
| AD<6>                              | IOB              | BIDIR     | LVCMOS33             |       | 8        | SLOW |              |          | 0 / 0    |
| AD<7>                              | IOB              | BIDIR     | LVCMOS33             |       | 8        | SLOW |              |          | 0 / 0    |
| AD<8>                              | IOB              | BIDIR     | LVCMOS33             |       | 8        | SLOW |              |          | 0 / 0    |
| AD<9>                              | IOB              | BIDIR     | LVCMOS33             |       | 8        | SLOW |              |          | 0 / 0    |
| AD<10>                             | IOB              | BIDIR     | LVCMOS33             |       | 8        | SLOW |              |          | 0 / 0    |
| AD<11>                             | IOB              | BIDIR     | LVCMOS33             |       | 8        | SLOW |              |          | 0 / 0    |
| AD<12>                             | IOB              | BIDIR     | LVCMOS33             |       | 8        | SLOW |              |          | 0 / 0    |
| AD<13>                             | IOB              | BIDIR     | LVCMOS33             |       | 8        | SLOW |              |          | 0 / 0    |
| AD<14>                             | IOB              | BIDIR     | LVCMOS33             |       | 8        | SLOW |              |          | 0 / 0    |
| AD<15>                             | IOB              | BIDIR     | LVCMOS33             |       | 8        | SLOW |              |          | 0 / 0    |
| AD<16>                             | IOB              | BIDIR     | LVCMOS33             |       | 8        | SLOW |              |          | 0 / 0    |
| AD<17>                             | IOB              | BIDIR     | LVCMOS33             |       | 8        | SLOW |              |          | 0 / 0    |
| ADEx<0>                            | IBUF             | INPUT     | LVCMOS33             |       |          |      |              |          | 0 / 0    |
| ADEx<1>                            | IBUF             | INPUT     | LVCMOS33             |       |          |      |              |          | 0 / 0    |
| CBE<0>                             | IBUF             | INPUT     | LVCMOS33             |       |          |      |              | PULLUP   | 0 / 0    |
| CBE<1>                             | IBUF             | INPUT     | LVCMOS33             |       |          |      |              | PULLUP   | 0 / 0    |
| CBE<2>                             | IBUF             | INPUT     | LVCMOS33             |       |          |      |              | PULLUP   | 0 / 0    |
| CBE<3>                             | IBUF             | INPUT     | LVCMOS33             |       |          |      |              | PULLUP   | 0 / 0    |
| DClock                             | IOB              | OUTPUT    | LVCMOS33             |       | 12       | SLOW |              |          | 0 / 0    |
| DData                              | IOB              | BIDIR     | LVCMOS33             |       | 12       | SLOW |              |          | 0 / 0    |
| DevSel                             | IOB              | OUTPUT    | LVCMOS33             |       | 12       | FAST |              |          | 0 / 0    |
| Frame                              | IBUF             | INPUT     | LVCMOS33             |       |          |      |              |          | 0 / 0    |
| IDSel                              | IBUF             | INPUT     | LVCMOS33             |       |          |      |              |          | 0 / 0    |
| IRdy                               | IBUF             | INPUT     | LVCMOS33             |       |          |      |              |          | 0 / 0    |
| LED                                | IOB              | OUTPUT    | LVCMOS33             |       | 12       | SLOW |              |          | 0 / 0    |
| PCI_Clock                          | IBUF             | INPUT     | LVCMOS33             |       |          |      |              |          | 0 / 0    |
| PCI_Reset                          | IBUF             | INPUT     | LVCMOS33             |       |          |      |              |          | 0 / 0    |
| Probe                              | IOB              | OUTPUT    | LVCMOS33             |       | 12       | SLOW |              |          | 0 / 0    |
| SSAck                              | IBUF             | INPUT     | LVCMOS33             |       |          |      |              | PULLUP   | 0 / 0    |
| SSAddr                             | IOB              | OUTPUT    | LVCMOS33             |       | 2        | SLOW |              |          | 0 / 0    |
| SSClock                            | IOB              | OUTPUT    | LVCMOS33             |       | 4        | SLOW |              |          | 0 / 0    |
| SSDIn                              | IBUF             | INPUT     | LVCMOS33             |       |          |      |              | PULLUP   | 0 / 0    |
| SSDOut                             | IOB              | OUTPUT    | LVCMOS33             |       | 4        | FAST |              |          | 0 / 0    |
| SSStrobe                           | IOB              | OUTPUT    | LVCMOS33             |       | 2        | SLOW |              |          | 0 / 0    |
| TRdy                               | IOB              | OUTPUT    | LVCMOS33             |       | 4        | SLOW |              |          | 0 / 0    |
| USBData<0>                         | IOB              | BIDIR     | LVCMOS33             |       | 4        | SLOW |              |          | 0 / 0    |
| USBData<1>                         | IOB              | BIDIR     | LVCMOS33             |       | 4        | SLOW |              |          | 0 / 0    |
| USBData<2>                         | IOB              | BIDIR     | LVCMOS33             |       | 4        | SLOW |              |          | 0 / 0    |
| USBData<3>                         | IOB              | BIDIR     | LVCMOS33             |       | 4        | SLOW |              |          | 0 / 0    |
| USBData<4>                         | IOB              | BIDIR     | LVCMOS33             |       | 4        | SLOW |              |          | 0 / 0    |
| USBData<5>                         | IOB              | BIDIR     | LVCMOS33             |       | 4        | SLOW |              |          | 0 / 0    |
| USBData<6>                         | IOB              | BIDIR     | LVCMOS33             |       | 4        | SLOW |              |          | 0 / 0    |
| USBData<7>                         | IOB              | BIDIR     | LVCMOS33             |       | 4        | SLOW |              |          | 0 / 0    |
| USBRead                            | IOB              | OUTPUT    | LVCMOS33             |       | 4        | SLOW |              |          | 0 / 0    |
| USBRxValid                         | IBUF             | INPUT     | LVCMOS33             |       |          |      |              |          | 0 / 0    |
| USBTxReady                         | IBUF             | INPUT     | LVCMOS33             |       |          |      |              |          | 0 / 0    |
| USBWrite                           | IOB              | OUTPUT    | LVCMOS33             |       | 4        | SLOW |              |          | 0 / 0    |
+---------------------------------------------------------------------------------------------------------------------------------------------------------+

Section 7 - RPMs
----------------

Section 8 - Guide Report
------------------------
Guide not run on this design.

Section 9 - Area Group and Partition Summary
--------------------------------------------

Partition Implementation Status
-------------------------------

  No Partitions were found in this design.

-------------------------------

Area Group Information
----------------------

  No area groups were found in this design.

----------------------

Section 10 - Timing Report
--------------------------
This design was not run using timing mode.

Section 11 - Configuration String Details
-----------------------------------------
Use the "-detail" map option to print out Configuration Strings

Section 12 - Control Set Information
------------------------------------
No control set information for this architecture.

Section 13 - Utilization by Hierarchy
-------------------------------------
Use the "-detail" map option to print out the Utilization by Hierarchy section.
